<?xml version="1.0" encoding="UTF-8"?>
<!-- Generated by org.testng.reporters.JUnitReportReporter -->
<testsuite hostname="DESKTOP-MBMFGHJ" failures="0" tests="8" name="VerifyTheSystem" time="1.973" errors="0" timestamp="2024-06-10T10:26:26 EEST" skipped="6">
  <testcase classname="VerifyTheSystem" name="verifyTheLogin" time="1.797"/>
  <testcase classname="VerifyTheSystem" name="findAllElementThatHasContainWordLabs" time="0.176"/>
  <testcase classname="VerifyTheSystem" name="checkTheLatestItemFromZ_A">
    <skipped/>
  </testcase> <!-- checkTheLatestItemFromZ_A -->
  <testcase classname="VerifyTheSystem" name="checkTheLatestItemFromHigh_Low">
    <skipped/>
  </testcase> <!-- checkTheLatestItemFromHigh_Low -->
  <testcase classname="VerifyTheSystem" name="findAllElemenThatHasPriceIsHigherThan15">
    <skipped/>
  </testcase> <!-- findAllElemenThatHasPriceIsHigherThan15 -->
  <testcase classname="VerifyTheSystem" name="verifyTheWordProductIsPresent">
    <skipped/>
  </testcase> <!-- verifyTheWordProductIsPresent -->
  <testcase classname="VerifyTheSystem" name="verifycTheLatestItemFromLow_High">
    <skipped/>
  </testcase> <!-- verifycTheLatestItemFromLow_High -->
  <testcase classname="VerifyTheSystem" name="checkTheLatestItemFromA_Z">
    <skipped/>
  </testcase> <!-- checkTheLatestItemFromA_Z -->
</testsuite> <!-- VerifyTheSystem -->
